08-18 13:52:22.455  INFO com.jessin.ResourceTest:33 [main] 104
08-18 13:52:22.460  INFO com.jessin.ResourceTest:33 [main] 104
08-18 13:52:22.461  INFO com.jessin.ResourceTest:33 [main] 104
08-18 13:52:22.461  INFO com.jessin.ResourceTest:33 [main] 104
08-18 13:52:22.462  INFO com.jessin.ResourceTest:36 [main] url : file:/home/jessin/Documents/Program/Java/spring_verify/target/classes/com/jessin/practice/service/hello.txt
08-18 13:52:22.462  INFO com.jessin.ResourceTest:37 [main] uri : hello.txt
08-18 13:54:25.435  INFO com.jessin.ResourceTest:33 [main] 110
08-18 13:54:25.442  INFO com.jessin.ResourceTest:33 [main] 97
08-18 13:54:25.443  INFO com.jessin.ResourceTest:33 [main] 109
08-18 13:54:25.443  INFO com.jessin.ResourceTest:33 [main] 101
08-18 13:54:25.443  INFO com.jessin.ResourceTest:33 [main] 61
08-18 13:54:25.444  INFO com.jessin.ResourceTest:33 [main] 84
08-18 13:54:25.444  INFO com.jessin.ResourceTest:33 [main] 111
08-18 13:54:25.444  INFO com.jessin.ResourceTest:33 [main] 110
08-18 13:54:25.444  INFO com.jessin.ResourceTest:33 [main] 121
08-18 13:54:25.445  INFO com.jessin.ResourceTest:33 [main] 10
08-18 13:54:25.445  INFO com.jessin.ResourceTest:33 [main] 97
08-18 13:54:25.445  INFO com.jessin.ResourceTest:33 [main] 103
08-18 13:54:25.445  INFO com.jessin.ResourceTest:33 [main] 101
08-18 13:54:25.446  INFO com.jessin.ResourceTest:33 [main] 110
08-18 13:54:25.446  INFO com.jessin.ResourceTest:33 [main] 116
08-18 13:54:25.446  INFO com.jessin.ResourceTest:33 [main] 46
08-18 13:54:25.447  INFO com.jessin.ResourceTest:33 [main] 108
08-18 13:54:25.447  INFO com.jessin.ResourceTest:33 [main] 105
08-18 13:54:25.447  INFO com.jessin.ResourceTest:33 [main] 115
08-18 13:54:25.447  INFO com.jessin.ResourceTest:33 [main] 116
08-18 13:54:25.448  INFO com.jessin.ResourceTest:33 [main] 61
08-18 13:54:25.448  INFO com.jessin.ResourceTest:33 [main] 97
08-18 13:54:25.453  INFO com.jessin.ResourceTest:33 [main] 103
08-18 13:54:25.453  INFO com.jessin.ResourceTest:33 [main] 101
08-18 13:54:25.454  INFO com.jessin.ResourceTest:33 [main] 110
08-18 13:54:25.454  INFO com.jessin.ResourceTest:33 [main] 116
08-18 13:54:25.454  INFO com.jessin.ResourceTest:33 [main] 46
08-18 13:54:25.454  INFO com.jessin.ResourceTest:33 [main] 100
08-18 13:54:25.455  INFO com.jessin.ResourceTest:33 [main] 111
08-18 13:54:25.455  INFO com.jessin.ResourceTest:33 [main] 109
08-18 13:54:25.455  INFO com.jessin.ResourceTest:33 [main] 97
08-18 13:54:25.455  INFO com.jessin.ResourceTest:33 [main] 105
08-18 13:54:25.456  INFO com.jessin.ResourceTest:33 [main] 110
08-18 13:54:25.456  INFO com.jessin.ResourceTest:33 [main] 49
08-18 13:54:25.456  INFO com.jessin.ResourceTest:33 [main] 44
08-18 13:54:25.456  INFO com.jessin.ResourceTest:33 [main] 97
08-18 13:54:25.457  INFO com.jessin.ResourceTest:33 [main] 103
08-18 13:54:25.457  INFO com.jessin.ResourceTest:33 [main] 101
08-18 13:54:25.457  INFO com.jessin.ResourceTest:33 [main] 110
08-18 13:54:25.457  INFO com.jessin.ResourceTest:33 [main] 116
08-18 13:54:25.458  INFO com.jessin.ResourceTest:33 [main] 46
08-18 13:54:25.458  INFO com.jessin.ResourceTest:33 [main] 100
08-18 13:54:25.458  INFO com.jessin.ResourceTest:33 [main] 111
08-18 13:54:25.459  INFO com.jessin.ResourceTest:33 [main] 109
08-18 13:54:25.459  INFO com.jessin.ResourceTest:33 [main] 97
08-18 13:54:25.459  INFO com.jessin.ResourceTest:33 [main] 105
08-18 13:54:25.459  INFO com.jessin.ResourceTest:33 [main] 110
08-18 13:54:25.460  INFO com.jessin.ResourceTest:33 [main] 50
08-18 13:54:25.460  INFO com.jessin.ResourceTest:36 [main] url : file:/home/jessin/Documents/Program/Java/spring_verify/target/classes/test.properties
08-18 13:54:25.460  INFO com.jessin.ResourceTest:37 [main] uri : test.properties
